<?xml version="1.0" encoding="UTF-8"?>
<testng-results ignored="0" total="1" passed="1" failed="0" skipped="0">
  <reporter-output>
  </reporter-output>
  <suite started-at="2020-06-18T06:22:07Z" name="Suite" finished-at="2020-06-18T06:23:17Z" duration-ms="69660">
    <groups>
    </groups>
    <test started-at="2020-06-18T06:22:07Z" name="Test" finished-at="2020-06-18T06:23:17Z" duration-ms="69660">
      <class name="product.Hotel.SearchHotelTest">
        <test-method is-config="true" signature="Before_Test()[pri:0, instance:product.Hotel.SearchHotelTest@1757cd72]" started-at="2020-06-18T11:52:18Z" name="Before_Test" finished-at="2020-06-18T11:52:43Z" duration-ms="25782" status="PASS">
          <reporter-output>
          </reporter-output>
        </test-method> <!-- Before_Test -->
        <test-method signature="searchHotelByBusinessTrip(java.lang.String, java.lang.String, java.lang.String, java.lang.String, java.lang.String, java.lang.String, java.lang.String, java.lang.String)[pri:0, instance:product.Hotel.SearchHotelTest@1757cd72]" started-at="2020-06-18T11:52:44Z" name="searchHotelByBusinessTrip" data-provider="getExceldata" finished-at="2020-06-18T11:53:16Z" duration-ms="31322" status="PASS">
          <params>
            <param index="0">
              <value>
                <![CDATA[Select Employee]]>
              </value>
            </param>
            <param index="1">
              <value>
                <![CDATA[Rahul jena]]>
              </value>
            </param>
            <param index="2">
              <value>
                <![CDATA[Business Trip]]>
              </value>
            </param>
            <param index="3">
              <value>
                <![CDATA[Delhi]]>
              </value>
            </param>
            <param index="4">
              <value>
                <![CDATA[10-Jul-2025]]>
              </value>
            </param>
            <param index="5">
              <value>
                <![CDATA[12-Jul-2025]]>
              </value>
            </param>
            <param index="6">
              <value>
                <![CDATA[1]]>
              </value>
            </param>
            <param index="7">
              <value>
                <![CDATA[1]]>
              </value>
            </param>
          </params>
          <reporter-output>
          </reporter-output>
        </test-method> <!-- searchHotelByBusinessTrip -->
      </class> <!-- product.Hotel.SearchHotelTest -->
    </test> <!-- Test -->
  </suite> <!-- Suite -->
</testng-results>
