<?xml version="1.0" encoding="UTF-8"?>
<testng-results ignored="0" total="1" passed="1" failed="0" skipped="0">
  <reporter-output>
  </reporter-output>
  <suite started-at="2020-06-15T12:03:05Z" name="Login" finished-at="2020-06-15T12:04:33Z" duration-ms="87742">
    <groups>
    </groups>
    <test started-at="2020-06-15T12:03:05Z" name="Sbt login" finished-at="2020-06-15T12:04:33Z" duration-ms="87742">
      <class name="modules.sbtLogin">
        <test-method signature="Login()[pri:0, instance:modules.sbtLogin@73700b80]" started-at="2020-06-15T17:33:34Z" name="Login" finished-at="2020-06-15T17:34:28Z" duration-ms="53668" status="PASS">
          <reporter-output>
          </reporter-output>
        </test-method> <!-- Login -->
      </class> <!-- modules.sbtLogin -->
    </test> <!-- Sbt login -->
  </suite> <!-- Login -->
</testng-results>
